    34>D:\.dima\misis2023f-23-check\misis2024s-23-18-ryzhichkin-k-s\prj.test\doctest.h(1474,5): warning C4805: ==: небезопасное смешение типа "bool" и типа "const R" в операции [D:\.dima\misis2023f-23-check\misis2024s-23-18-ryzhichkin-k-s\build.check\prj.test\test_bitset.vcxproj]
D:\.dima\misis2023f-23-check\misis2024s-23-18-ryzhichkin-k-s\prj.test\doctest.h(1474,5): warning C4805:         with [D:\.dima\misis2023f-23-check\misis2024s-23-18-ryzhichkin-k-s\build.check\prj.test\test_bitset.vcxproj]
D:\.dima\misis2023f-23-check\misis2024s-23-18-ryzhichkin-k-s\prj.test\doctest.h(1474,5): warning C4805:         [ [D:\.dima\misis2023f-23-check\misis2024s-23-18-ryzhichkin-k-s\build.check\prj.test\test_bitset.vcxproj]
D:\.dima\misis2023f-23-check\misis2024s-23-18-ryzhichkin-k-s\prj.test\doctest.h(1474,5): warning C4805:             R=int [D:\.dima\misis2023f-23-check\misis2024s-23-18-ryzhichkin-k-s\build.check\prj.test\test_bitset.vcxproj]
D:\.dima\misis2023f-23-check\misis2024s-23-18-ryzhichkin-k-s\prj.test\doctest.h(1474,5): warning C4805:         ] [D:\.dima\misis2023f-23-check\misis2024s-23-18-ryzhichkin-k-s\build.check\prj.test\test_bitset.vcxproj]
    34>D:\.dima\misis2023f-23-check\misis2024s-23-18-ryzhichkin-k-s\prj.test\doctest.h(1474,5): warning C4805: ==: небезопасное смешение типа "const L" и типа "const R" в операции [D:\.dima\misis2023f-23-check\misis2024s-23-18-ryzhichkin-k-s\build.check\prj.test\test_bitset.vcxproj]
D:\.dima\misis2023f-23-check\misis2024s-23-18-ryzhichkin-k-s\prj.test\doctest.h(1474,5): warning C4805:         with [D:\.dima\misis2023f-23-check\misis2024s-23-18-ryzhichkin-k-s\build.check\prj.test\test_bitset.vcxproj]
D:\.dima\misis2023f-23-check\misis2024s-23-18-ryzhichkin-k-s\prj.test\doctest.h(1474,5): warning C4805:         [ [D:\.dima\misis2023f-23-check\misis2024s-23-18-ryzhichkin-k-s\build.check\prj.test\test_bitset.vcxproj]
D:\.dima\misis2023f-23-check\misis2024s-23-18-ryzhichkin-k-s\prj.test\doctest.h(1474,5): warning C4805:             L=bool [D:\.dima\misis2023f-23-check\misis2024s-23-18-ryzhichkin-k-s\build.check\prj.test\test_bitset.vcxproj]
D:\.dima\misis2023f-23-check\misis2024s-23-18-ryzhichkin-k-s\prj.test\doctest.h(1474,5): warning C4805:         ] [D:\.dima\misis2023f-23-check\misis2024s-23-18-ryzhichkin-k-s\build.check\prj.test\test_bitset.vcxproj]
D:\.dima\misis2023f-23-check\misis2024s-23-18-ryzhichkin-k-s\prj.test\doctest.h(1474,5): warning C4805:         and [D:\.dima\misis2023f-23-check\misis2024s-23-18-ryzhichkin-k-s\build.check\prj.test\test_bitset.vcxproj]
D:\.dima\misis2023f-23-check\misis2024s-23-18-ryzhichkin-k-s\prj.test\doctest.h(1474,5): warning C4805:         [ [D:\.dima\misis2023f-23-check\misis2024s-23-18-ryzhichkin-k-s\build.check\prj.test\test_bitset.vcxproj]
D:\.dima\misis2023f-23-check\misis2024s-23-18-ryzhichkin-k-s\prj.test\doctest.h(1474,5): warning C4805:             R=int [D:\.dima\misis2023f-23-check\misis2024s-23-18-ryzhichkin-k-s\build.check\prj.test\test_bitset.vcxproj]
D:\.dima\misis2023f-23-check\misis2024s-23-18-ryzhichkin-k-s\prj.test\doctest.h(1474,5): warning C4805:         ] [D:\.dima\misis2023f-23-check\misis2024s-23-18-ryzhichkin-k-s\build.check\prj.test\test_bitset.vcxproj]
    29>d:\Programs\Microsoft Visual Studio\2022\Community\VC\Tools\MSVC\14.39.33519\include\numeric(35,26): warning C4244: =: преобразование "_Ty" в "_Ty", возможна потеря данных [D:\.dima\misis2023f-23-check\misis2024s-23-18-ryzhichkin-k-s\build.check\prj.cw\numbertheory\numbertheory.vcxproj]
d:\Programs\Microsoft Visual Studio\2022\Community\VC\Tools\MSVC\14.39.33519\include\numeric(35,26): warning C4244:         with [D:\.dima\misis2023f-23-check\misis2024s-23-18-ryzhichkin-k-s\build.check\prj.cw\numbertheory\numbertheory.vcxproj]
d:\Programs\Microsoft Visual Studio\2022\Community\VC\Tools\MSVC\14.39.33519\include\numeric(35,26): warning C4244:         [ [D:\.dima\misis2023f-23-check\misis2024s-23-18-ryzhichkin-k-s\build.check\prj.cw\numbertheory\numbertheory.vcxproj]
d:\Programs\Microsoft Visual Studio\2022\Community\VC\Tools\MSVC\14.39.33519\include\numeric(35,26): warning C4244:             _Ty=int64_t [D:\.dima\misis2023f-23-check\misis2024s-23-18-ryzhichkin-k-s\build.check\prj.cw\numbertheory\numbertheory.vcxproj]
d:\Programs\Microsoft Visual Studio\2022\Community\VC\Tools\MSVC\14.39.33519\include\numeric(35,26): warning C4244:         ] [D:\.dima\misis2023f-23-check\misis2024s-23-18-ryzhichkin-k-s\build.check\prj.cw\numbertheory\numbertheory.vcxproj]
d:\Programs\Microsoft Visual Studio\2022\Community\VC\Tools\MSVC\14.39.33519\include\numeric(35,26): warning C4244:         and [D:\.dima\misis2023f-23-check\misis2024s-23-18-ryzhichkin-k-s\build.check\prj.cw\numbertheory\numbertheory.vcxproj]
d:\Programs\Microsoft Visual Studio\2022\Community\VC\Tools\MSVC\14.39.33519\include\numeric(35,26): warning C4244:         [ [D:\.dima\misis2023f-23-check\misis2024s-23-18-ryzhichkin-k-s\build.check\prj.cw\numbertheory\numbertheory.vcxproj]
d:\Programs\Microsoft Visual Studio\2022\Community\VC\Tools\MSVC\14.39.33519\include\numeric(35,26): warning C4244:             _Ty=int [D:\.dima\misis2023f-23-check\misis2024s-23-18-ryzhichkin-k-s\build.check\prj.cw\numbertheory\numbertheory.vcxproj]
d:\Programs\Microsoft Visual Studio\2022\Community\VC\Tools\MSVC\14.39.33519\include\numeric(35,26): warning C4244:         ] [D:\.dima\misis2023f-23-check\misis2024s-23-18-ryzhichkin-k-s\build.check\prj.cw\numbertheory\numbertheory.vcxproj]
    41>D:\.dima\misis2023f-23-check\misis2024s-23-18-ryzhichkin-k-s\prj.test\doctest.h(1474,5): warning C4805: ==: небезопасное смешение типа "const L" и типа "const R" в операции [D:\.dima\misis2023f-23-check\misis2024s-23-18-ryzhichkin-k-s\build.check\prj.test\test_stackarr.vcxproj]
D:\.dima\misis2023f-23-check\misis2024s-23-18-ryzhichkin-k-s\prj.test\doctest.h(1474,5): warning C4805:         with [D:\.dima\misis2023f-23-check\misis2024s-23-18-ryzhichkin-k-s\build.check\prj.test\test_stackarr.vcxproj]
D:\.dima\misis2023f-23-check\misis2024s-23-18-ryzhichkin-k-s\prj.test\doctest.h(1474,5): warning C4805:         [ [D:\.dima\misis2023f-23-check\misis2024s-23-18-ryzhichkin-k-s\build.check\prj.test\test_stackarr.vcxproj]
D:\.dima\misis2023f-23-check\misis2024s-23-18-ryzhichkin-k-s\prj.test\doctest.h(1474,5): warning C4805:             L=bool [D:\.dima\misis2023f-23-check\misis2024s-23-18-ryzhichkin-k-s\build.check\prj.test\test_stackarr.vcxproj]
D:\.dima\misis2023f-23-check\misis2024s-23-18-ryzhichkin-k-s\prj.test\doctest.h(1474,5): warning C4805:         ] [D:\.dima\misis2023f-23-check\misis2024s-23-18-ryzhichkin-k-s\build.check\prj.test\test_stackarr.vcxproj]
D:\.dima\misis2023f-23-check\misis2024s-23-18-ryzhichkin-k-s\prj.test\doctest.h(1474,5): warning C4805:         and [D:\.dima\misis2023f-23-check\misis2024s-23-18-ryzhichkin-k-s\build.check\prj.test\test_stackarr.vcxproj]
D:\.dima\misis2023f-23-check\misis2024s-23-18-ryzhichkin-k-s\prj.test\doctest.h(1474,5): warning C4805:         [ [D:\.dima\misis2023f-23-check\misis2024s-23-18-ryzhichkin-k-s\build.check\prj.test\test_stackarr.vcxproj]
D:\.dima\misis2023f-23-check\misis2024s-23-18-ryzhichkin-k-s\prj.test\doctest.h(1474,5): warning C4805:             R=int [D:\.dima\misis2023f-23-check\misis2024s-23-18-ryzhichkin-k-s\build.check\prj.test\test_stackarr.vcxproj]
D:\.dima\misis2023f-23-check\misis2024s-23-18-ryzhichkin-k-s\prj.test\doctest.h(1474,5): warning C4805:         ] [D:\.dima\misis2023f-23-check\misis2024s-23-18-ryzhichkin-k-s\build.check\prj.test\test_stackarr.vcxproj]
    36>D:\.dima\misis2023f-23-check\misis2024s-23-18-ryzhichkin-k-s\prj.test\doctest.h(1474,5): warning C4805: ==: небезопасное смешение типа "const L" и типа "const R" в операции [D:\.dima\misis2023f-23-check\misis2024s-23-18-ryzhichkin-k-s\build.check\prj.test\test_queuelstpr.vcxproj]
D:\.dima\misis2023f-23-check\misis2024s-23-18-ryzhichkin-k-s\prj.test\doctest.h(1474,5): warning C4805:         with [D:\.dima\misis2023f-23-check\misis2024s-23-18-ryzhichkin-k-s\build.check\prj.test\test_queuelstpr.vcxproj]
D:\.dima\misis2023f-23-check\misis2024s-23-18-ryzhichkin-k-s\prj.test\doctest.h(1474,5): warning C4805:         [ [D:\.dima\misis2023f-23-check\misis2024s-23-18-ryzhichkin-k-s\build.check\prj.test\test_queuelstpr.vcxproj]
D:\.dima\misis2023f-23-check\misis2024s-23-18-ryzhichkin-k-s\prj.test\doctest.h(1474,5): warning C4805:             L=bool [D:\.dima\misis2023f-23-check\misis2024s-23-18-ryzhichkin-k-s\build.check\prj.test\test_queuelstpr.vcxproj]
D:\.dima\misis2023f-23-check\misis2024s-23-18-ryzhichkin-k-s\prj.test\doctest.h(1474,5): warning C4805:         ] [D:\.dima\misis2023f-23-check\misis2024s-23-18-ryzhichkin-k-s\build.check\prj.test\test_queuelstpr.vcxproj]
D:\.dima\misis2023f-23-check\misis2024s-23-18-ryzhichkin-k-s\prj.test\doctest.h(1474,5): warning C4805:         and [D:\.dima\misis2023f-23-check\misis2024s-23-18-ryzhichkin-k-s\build.check\prj.test\test_queuelstpr.vcxproj]
D:\.dima\misis2023f-23-check\misis2024s-23-18-ryzhichkin-k-s\prj.test\doctest.h(1474,5): warning C4805:         [ [D:\.dima\misis2023f-23-check\misis2024s-23-18-ryzhichkin-k-s\build.check\prj.test\test_queuelstpr.vcxproj]
D:\.dima\misis2023f-23-check\misis2024s-23-18-ryzhichkin-k-s\prj.test\doctest.h(1474,5): warning C4805:             R=int [D:\.dima\misis2023f-23-check\misis2024s-23-18-ryzhichkin-k-s\build.check\prj.test\test_queuelstpr.vcxproj]
D:\.dima\misis2023f-23-check\misis2024s-23-18-ryzhichkin-k-s\prj.test\doctest.h(1474,5): warning C4805:         ] [D:\.dima\misis2023f-23-check\misis2024s-23-18-ryzhichkin-k-s\build.check\prj.test\test_queuelstpr.vcxproj]
    42>D:\.dima\misis2023f-23-check\misis2024s-23-18-ryzhichkin-k-s\prj.test\doctest.h(1474,5): warning C4805: ==: небезопасное смешение типа "const L" и типа "const R" в операции [D:\.dima\misis2023f-23-check\misis2024s-23-18-ryzhichkin-k-s\build.check\prj.test\test_stacklst.vcxproj]
D:\.dima\misis2023f-23-check\misis2024s-23-18-ryzhichkin-k-s\prj.test\doctest.h(1474,5): warning C4805:         with [D:\.dima\misis2023f-23-check\misis2024s-23-18-ryzhichkin-k-s\build.check\prj.test\test_stacklst.vcxproj]
D:\.dima\misis2023f-23-check\misis2024s-23-18-ryzhichkin-k-s\prj.test\doctest.h(1474,5): warning C4805:         [ [D:\.dima\misis2023f-23-check\misis2024s-23-18-ryzhichkin-k-s\build.check\prj.test\test_stacklst.vcxproj]
D:\.dima\misis2023f-23-check\misis2024s-23-18-ryzhichkin-k-s\prj.test\doctest.h(1474,5): warning C4805:             L=bool [D:\.dima\misis2023f-23-check\misis2024s-23-18-ryzhichkin-k-s\build.check\prj.test\test_stacklst.vcxproj]
D:\.dima\misis2023f-23-check\misis2024s-23-18-ryzhichkin-k-s\prj.test\doctest.h(1474,5): warning C4805:         ] [D:\.dima\misis2023f-23-check\misis2024s-23-18-ryzhichkin-k-s\build.check\prj.test\test_stacklst.vcxproj]
D:\.dima\misis2023f-23-check\misis2024s-23-18-ryzhichkin-k-s\prj.test\doctest.h(1474,5): warning C4805:         and [D:\.dima\misis2023f-23-check\misis2024s-23-18-ryzhichkin-k-s\build.check\prj.test\test_stacklst.vcxproj]
D:\.dima\misis2023f-23-check\misis2024s-23-18-ryzhichkin-k-s\prj.test\doctest.h(1474,5): warning C4805:         [ [D:\.dima\misis2023f-23-check\misis2024s-23-18-ryzhichkin-k-s\build.check\prj.test\test_stacklst.vcxproj]
D:\.dima\misis2023f-23-check\misis2024s-23-18-ryzhichkin-k-s\prj.test\doctest.h(1474,5): warning C4805:             R=int [D:\.dima\misis2023f-23-check\misis2024s-23-18-ryzhichkin-k-s\build.check\prj.test\test_stacklst.vcxproj]
D:\.dima\misis2023f-23-check\misis2024s-23-18-ryzhichkin-k-s\prj.test\doctest.h(1474,5): warning C4805:         ] [D:\.dima\misis2023f-23-check\misis2024s-23-18-ryzhichkin-k-s\build.check\prj.test\test_stacklst.vcxproj]
    37>D:\.dima\misis2023f-23-check\misis2024s-23-18-ryzhichkin-k-s\prj.test\doctest.h(1474,5): warning C4805: ==: небезопасное смешение типа "const L" и типа "const R" в операции [D:\.dima\misis2023f-23-check\misis2024s-23-18-ryzhichkin-k-s\build.check\prj.test\test_queuelst.vcxproj]
D:\.dima\misis2023f-23-check\misis2024s-23-18-ryzhichkin-k-s\prj.test\doctest.h(1474,5): warning C4805:         with [D:\.dima\misis2023f-23-check\misis2024s-23-18-ryzhichkin-k-s\build.check\prj.test\test_queuelst.vcxproj]
D:\.dima\misis2023f-23-check\misis2024s-23-18-ryzhichkin-k-s\prj.test\doctest.h(1474,5): warning C4805:         [ [D:\.dima\misis2023f-23-check\misis2024s-23-18-ryzhichkin-k-s\build.check\prj.test\test_queuelst.vcxproj]
D:\.dima\misis2023f-23-check\misis2024s-23-18-ryzhichkin-k-s\prj.test\doctest.h(1474,5): warning C4805:             L=bool [D:\.dima\misis2023f-23-check\misis2024s-23-18-ryzhichkin-k-s\build.check\prj.test\test_queuelst.vcxproj]
D:\.dima\misis2023f-23-check\misis2024s-23-18-ryzhichkin-k-s\prj.test\doctest.h(1474,5): warning C4805:         ] [D:\.dima\misis2023f-23-check\misis2024s-23-18-ryzhichkin-k-s\build.check\prj.test\test_queuelst.vcxproj]
D:\.dima\misis2023f-23-check\misis2024s-23-18-ryzhichkin-k-s\prj.test\doctest.h(1474,5): warning C4805:         and [D:\.dima\misis2023f-23-check\misis2024s-23-18-ryzhichkin-k-s\build.check\prj.test\test_queuelst.vcxproj]
D:\.dima\misis2023f-23-check\misis2024s-23-18-ryzhichkin-k-s\prj.test\doctest.h(1474,5): warning C4805:         [ [D:\.dima\misis2023f-23-check\misis2024s-23-18-ryzhichkin-k-s\build.check\prj.test\test_queuelst.vcxproj]
D:\.dima\misis2023f-23-check\misis2024s-23-18-ryzhichkin-k-s\prj.test\doctest.h(1474,5): warning C4805:             R=int [D:\.dima\misis2023f-23-check\misis2024s-23-18-ryzhichkin-k-s\build.check\prj.test\test_queuelst.vcxproj]
D:\.dima\misis2023f-23-check\misis2024s-23-18-ryzhichkin-k-s\prj.test\doctest.h(1474,5): warning C4805:         ] [D:\.dima\misis2023f-23-check\misis2024s-23-18-ryzhichkin-k-s\build.check\prj.test\test_queuelst.vcxproj]
    38>D:\.dima\misis2023f-23-check\misis2024s-23-18-ryzhichkin-k-s\prj.test\doctest.h(1474,5): warning C4805: ==: небезопасное смешение типа "const L" и типа "const R" в операции [D:\.dima\misis2023f-23-check\misis2024s-23-18-ryzhichkin-k-s\build.check\prj.test\test_queuearr.vcxproj]
D:\.dima\misis2023f-23-check\misis2024s-23-18-ryzhichkin-k-s\prj.test\doctest.h(1474,5): warning C4805:         with [D:\.dima\misis2023f-23-check\misis2024s-23-18-ryzhichkin-k-s\build.check\prj.test\test_queuearr.vcxproj]
D:\.dima\misis2023f-23-check\misis2024s-23-18-ryzhichkin-k-s\prj.test\doctest.h(1474,5): warning C4805:         [ [D:\.dima\misis2023f-23-check\misis2024s-23-18-ryzhichkin-k-s\build.check\prj.test\test_queuearr.vcxproj]
D:\.dima\misis2023f-23-check\misis2024s-23-18-ryzhichkin-k-s\prj.test\doctest.h(1474,5): warning C4805:             L=bool [D:\.dima\misis2023f-23-check\misis2024s-23-18-ryzhichkin-k-s\build.check\prj.test\test_queuearr.vcxproj]
D:\.dima\misis2023f-23-check\misis2024s-23-18-ryzhichkin-k-s\prj.test\doctest.h(1474,5): warning C4805:         ] [D:\.dima\misis2023f-23-check\misis2024s-23-18-ryzhichkin-k-s\build.check\prj.test\test_queuearr.vcxproj]
D:\.dima\misis2023f-23-check\misis2024s-23-18-ryzhichkin-k-s\prj.test\doctest.h(1474,5): warning C4805:         and [D:\.dima\misis2023f-23-check\misis2024s-23-18-ryzhichkin-k-s\build.check\prj.test\test_queuearr.vcxproj]
D:\.dima\misis2023f-23-check\misis2024s-23-18-ryzhichkin-k-s\prj.test\doctest.h(1474,5): warning C4805:         [ [D:\.dima\misis2023f-23-check\misis2024s-23-18-ryzhichkin-k-s\build.check\prj.test\test_queuearr.vcxproj]
D:\.dima\misis2023f-23-check\misis2024s-23-18-ryzhichkin-k-s\prj.test\doctest.h(1474,5): warning C4805:             R=int [D:\.dima\misis2023f-23-check\misis2024s-23-18-ryzhichkin-k-s\build.check\prj.test\test_queuearr.vcxproj]
D:\.dima\misis2023f-23-check\misis2024s-23-18-ryzhichkin-k-s\prj.test\doctest.h(1474,5): warning C4805:         ] [D:\.dima\misis2023f-23-check\misis2024s-23-18-ryzhichkin-k-s\build.check\prj.test\test_queuearr.vcxproj]
    29>prime_tests.obj : warning LNK4006: "bool __cdecl SqrtTest(__int64)" (?SqrtTest@@YA_N_J@Z) уже определен в sqrt_test.obj; второе определение пропущено [D:\.dima\misis2023f-23-check\misis2024s-23-18-ryzhichkin-k-s\build.check\prj.cw\numbertheory\numbertheory.vcxproj]
    29>prime_tests.obj : warning LNK4006: "bool __cdecl FermatTest(__int64)" (?FermatTest@@YA_N_J@Z) уже определен в fermat.obj; второе определение пропущено [D:\.dima\misis2023f-23-check\misis2024s-23-18-ryzhichkin-k-s\build.check\prj.cw\numbertheory\numbertheory.vcxproj]
    29>prime_tests.obj : warning LNK4006: "bool __cdecl FrobeniusTest(__int64)" (?FrobeniusTest@@YA_N_J@Z) уже определен в frobenius.obj; второе определение пропущено [D:\.dima\misis2023f-23-check\misis2024s-23-18-ryzhichkin-k-s\build.check\prj.cw\numbertheory\numbertheory.vcxproj]
    29>prime_tests.obj : warning LNK4006: "bool __cdecl MillerRabinTtest(__int64,__int64)" (?MillerRabinTtest@@YA_N_J0@Z) уже определен в millerrabin.obj; второе определение пропущено [D:\.dima\misis2023f-23-check\misis2024s-23-18-ryzhichkin-k-s\build.check\prj.cw\numbertheory\numbertheory.vcxproj]
    29>prime_tests.obj : warning LNK4006: "bool __cdecl BPSW(__int64)" (?BPSW@@YA_N_J@Z) уже определен в bpsw.obj; второе определение пропущено [D:\.dima\misis2023f-23-check\misis2024s-23-18-ryzhichkin-k-s\build.check\prj.cw\numbertheory\numbertheory.vcxproj]
